<?xml version="1.0" encoding="UTF-8"?>
<testsuite name="com.mcpintelligence.fr3k.core.CapabilityRegistryTest" tests="4" skipped="0" failures="0" errors="0" timestamp="2026-09-03T13:05:00" hostname="parrot" time="0.017">
  <properties/>
  <testcase name="hasAllAndHasAny" classname="com.mcpintelligence.fr3k.core.CapabilityRegistryTest" time="0.016"/>
  <testcase name="registerAndUnregister" classname="com.mcpintelligence.fr3k.core.CapabilityRegistryTest" time="0.0"/>
  <testcase name="missingFor" classname="com.mcpintelligence.fr3k.core.CapabilityRegistryTest" time="0.0"/>
  <testcase name="tiers" classname="com.mcpintelligence.fr3k.core.CapabilityRegistryTest" time="0.0"/>
  <system-out><![CDATA[]]></system-out>
  <system-err><![CDATA[]]></system-err>
</testsuite>
