<?xml version="1.0" encoding="UTF-8"?>
<testsuite name="com.mcpintelligence.fr3k.core.UrlSanitiserTest" tests="5" skipped="0" failures="0" errors="0" timestamp="2026-09-03T13:05:00" hostname="parrot" time="0.011">
  <properties/>
  <testcase name="returnsInputWhenNotParseable" classname="com.mcpintelligence.fr3k.core.UrlSanitiserTest" time="0.005"/>
  <testcase name="preservesYoutubeVParam" classname="com.mcpintelligence.fr3k.core.UrlSanitiserTest" time="0.006"/>
  <testcase name="stripsFbclidAndGclid" classname="com.mcpintelligence.fr3k.core.UrlSanitiserTest" time="0.0"/>
  <testcase name="handlesEmptyQuery" classname="com.mcpintelligence.fr3k.core.UrlSanitiserTest" time="0.0"/>
  <testcase name="stripsUtmParams" classname="com.mcpintelligence.fr3k.core.UrlSanitiserTest" time="0.0"/>
  <system-out><![CDATA[]]></system-out>
  <system-err><![CDATA[]]></system-err>
</testsuite>
