<?xml version="1.0" encoding="UTF-8"?>
<testsuite name="com.mcpintelligence.fr3k.core.CommandRegistryTest" tests="3" skipped="0" failures="0" errors="0" timestamp="2026-09-03T13:04:59" hostname="parrot" time="0.009">
  <properties/>
  <testcase name="registersAndFilters" classname="com.mcpintelligence.fr3k.core.CommandRegistryTest" time="0.003"/>
  <testcase name="unregisterByPlugin" classname="com.mcpintelligence.fr3k.core.CommandRegistryTest" time="0.0"/>
  <testcase name="searchFuzzy" classname="com.mcpintelligence.fr3k.core.CommandRegistryTest" time="0.006"/>
  <system-out><![CDATA[]]></system-out>
  <system-err><![CDATA[]]></system-err>
</testsuite>
